Release 14.2 - xst P.28xd (nt)
Copyright (c) 1995-2012 Xilinx, Inc.  All rights reserved.
--> Parameter TMPDIR set to xst/projnav.tmp


Total REAL time to Xst completion: 1.00 secs
Total CPU time to Xst completion: 0.08 secs
 
--> Parameter xsthdpdir set to xst


Total REAL time to Xst completion: 1.00 secs
Total CPU time to Xst completion: 0.09 secs
 
--> Reading design: AER_Input.prj

TABLE OF CONTENTS
  1) Synthesis Options Summary
  2) HDL Compilation
  3) Design Hierarchy Analysis
  4) HDL Analysis
  5) HDL Synthesis
     5.1) HDL Synthesis Report
  6) Advanced HDL Synthesis
     6.1) Advanced HDL Synthesis Report
  7) Low Level Synthesis
  8) Partition Report
  9) Final Report
	9.1) Device utilization summary
	9.2) Partition Resource Summary
	9.3) TIMING REPORT


=========================================================================
*                      Synthesis Options Summary                        *
=========================================================================
---- Source Parameters
Input File Name                    : "AER_Input.prj"
Input Format                       : mixed
Ignore Synthesis Constraint File   : NO

---- Target Parameters
Output File Name                   : "AER_Input"
Output Format                      : NGC
Target Device                      : xc3s100e-5-cp132

---- Source Options
Top Module Name                    : AER_Input
Automatic FSM Extraction           : YES
FSM Encoding Algorithm             : Auto
Safe Implementation                : No
FSM Style                          : LUT
RAM Extraction                     : Yes
RAM Style                          : Auto
ROM Extraction                     : Yes
Mux Style                          : Auto
Decoder Extraction                 : YES
Priority Encoder Extraction        : Yes
Shift Register Extraction          : YES
Logical Shifter Extraction         : YES
XOR Collapsing                     : YES
ROM Style                          : Auto
Mux Extraction                     : Yes
Resource Sharing                   : YES
Asynchronous To Synchronous        : NO
Multiplier Style                   : Auto
Automatic Register Balancing       : No

---- Target Options
Add IO Buffers                     : YES
Global Maximum Fanout              : 100000
Add Generic Clock Buffer(BUFG)     : 24
Register Duplication               : YES
Slice Packing                      : YES
Optimize Instantiated Primitives   : NO
Use Clock Enable                   : Yes
Use Synchronous Set                : Yes
Use Synchronous Reset              : Yes
Pack IO Registers into IOBs        : Auto
Equivalent register Removal        : YES

---- General Options
Optimization Goal                  : Speed
Optimization Effort                : 1
Keep Hierarchy                     : No
Netlist Hierarchy                  : As_Optimized
RTL Output                         : Yes
Global Optimization                : AllClockNets
Read Cores                         : YES
Write Timing Constraints           : NO
Cross Clock Analysis               : NO
Hierarchy Separator                : /
Bus Delimiter                      : <>
Case Specifier                     : Maintain
Slice Utilization Ratio            : 100
BRAM Utilization Ratio             : 100
Verilog 2001                       : YES
Auto BRAM Packing                  : NO
Slice Utilization Ratio Delta      : 5

=========================================================================


=========================================================================
*                          HDL Compilation                              *
=========================================================================
Compiling verilog file "Nor.v" in library work
Compiling verilog file "Nand.v" in library work
Module <Nor> compiled
Compiling verilog file "X0.v" in library work
Module <Nand> compiled
Compiling verilog file "SenderControl.v" in library work
Module <X0> compiled
Compiling verilog file "One.v" in library work
Module <SenderControl> compiled
Compiling verilog file "Nought.v" in library work
Module <One> compiled
Compiling verilog file "ME.v" in library work
Module <Nought> compiled
Compiling verilog file "FsRefined.v" in library work
Module <ME> compiled
Compiling verilog file "Fe.v" in library work
Module <FsRefined> compiled
Compiling verilog file "Ch2Up_FSM.v" in library work
Module <Fe> compiled
Compiling verilog file "Ch2Down_FSM.v" in library work
Module <Ch2Up_FSM> compiled
Compiling verilog file "Ch1Up_FSM.v" in library work
Module <Ch2Down_FSM> compiled
Compiling verilog file "Ch1Down_FSM.v" in library work
Module <Ch1Up_FSM> compiled
Compiling verilog file "Sender.v" in library work
Module <Ch1Down_FSM> compiled
Compiling verilog file "Arbiter.v" in library work
Module <Sender> compiled
Compiling verilog file "AER_Input.v" in library work
Module <Arbiter> compiled
Module <AER_Input> compiled
No errors in compilation
Analysis of file <"AER_Input.prj"> succeeded.
 

=========================================================================
*                     Design Hierarchy Analysis                         *
=========================================================================
Analyzing hierarchy for module <AER_Input> in library <work>.

Analyzing hierarchy for module <Arbiter> in library <work>.

Analyzing hierarchy for module <Sender> in library <work>.

Analyzing hierarchy for module <Ch1Up_FSM> in library <work>.

Analyzing hierarchy for module <Ch1Down_FSM> in library <work>.

Analyzing hierarchy for module <Ch2Up_FSM> in library <work>.

Analyzing hierarchy for module <Ch2Down_FSM> in library <work>.

Analyzing hierarchy for module <ME> in library <work>.

Analyzing hierarchy for module <SenderControl> in library <work>.

Analyzing hierarchy for module <FsRefined> in library <work>.

Analyzing hierarchy for module <One> in library <work>.

Analyzing hierarchy for module <Nought> in library <work>.

Analyzing hierarchy for module <X0> in library <work>.

Analyzing hierarchy for module <Fe> in library <work>.

Analyzing hierarchy for module <Nand> in library <work>.

Analyzing hierarchy for module <Nor> in library <work>.


=========================================================================
*                            HDL Analysis                               *
=========================================================================
Analyzing top module <AER_Input>.
Module <AER_Input> is correct for synthesis.
 
Analyzing module <Arbiter> in library <work>.
Module <Arbiter> is correct for synthesis.
 
Analyzing module <Ch1Up_FSM> in library <work>.
Module <Ch1Up_FSM> is correct for synthesis.
 
Analyzing module <Ch1Down_FSM> in library <work>.
Module <Ch1Down_FSM> is correct for synthesis.
 
Analyzing module <Ch2Up_FSM> in library <work>.
Module <Ch2Up_FSM> is correct for synthesis.
 
Analyzing module <Ch2Down_FSM> in library <work>.
Module <Ch2Down_FSM> is correct for synthesis.
 
Analyzing module <ME> in library <work>.
Module <ME> is correct for synthesis.
 
Analyzing module <Nand> in library <work>.
Module <Nand> is correct for synthesis.
 
Analyzing module <Nor> in library <work>.
Module <Nor> is correct for synthesis.
 
Analyzing module <Sender> in library <work>.
Module <Sender> is correct for synthesis.
 
Analyzing module <SenderControl> in library <work>.
Module <SenderControl> is correct for synthesis.
 
Analyzing module <FsRefined> in library <work>.
Module <FsRefined> is correct for synthesis.
 
Analyzing module <One> in library <work>.
Module <One> is correct for synthesis.
 
Analyzing module <Nought> in library <work>.
Module <Nought> is correct for synthesis.
 
Analyzing module <X0> in library <work>.
Module <X0> is correct for synthesis.
 
Analyzing module <Fe> in library <work>.
Module <Fe> is correct for synthesis.
 

=========================================================================
*                           HDL Synthesis                               *
=========================================================================

Performing bidirectional port resolution...

Synthesizing Unit <Ch1Up_FSM>.
    Related source file is "Ch1Up_FSM.v".
Unit <Ch1Up_FSM> synthesized.


Synthesizing Unit <Ch1Down_FSM>.
    Related source file is "Ch1Down_FSM.v".
Unit <Ch1Down_FSM> synthesized.


Synthesizing Unit <Ch2Up_FSM>.
    Related source file is "Ch2Up_FSM.v".
Unit <Ch2Up_FSM> synthesized.


Synthesizing Unit <Ch2Down_FSM>.
    Related source file is "Ch2Down_FSM.v".
Unit <Ch2Down_FSM> synthesized.


Synthesizing Unit <Nand>.
    Related source file is "Nand.v".
Unit <Nand> synthesized.


Synthesizing Unit <Nor>.
    Related source file is "Nor.v".
Unit <Nor> synthesized.


Synthesizing Unit <SenderControl>.
    Related source file is "SenderControl.v".
Unit <SenderControl> synthesized.


Synthesizing Unit <FsRefined>.
    Related source file is "FsRefined.v".
Unit <FsRefined> synthesized.


Synthesizing Unit <One>.
    Related source file is "One.v".
Unit <One> synthesized.


Synthesizing Unit <Nought>.
    Related source file is "Nought.v".
Unit <Nought> synthesized.


Synthesizing Unit <X0>.
    Related source file is "X0.v".
Unit <X0> synthesized.


Synthesizing Unit <Fe>.
    Related source file is "Fe.v".
Unit <Fe> synthesized.


Synthesizing Unit <Sender>.
    Related source file is "Sender.v".
WARNING:Xst:1305 - Output <Fs_senOut> is never assigned. Tied to value 0.
WARNING:Xst:1305 - Output <Fs_dOut> is never assigned. Tied to value 0.
WARNING:Xst:646 - Signal <Zero_B> is assigned but never used. This unconnected signal will be trimmed during the optimization process.
WARNING:Xst:646 - Signal <Zero_A> is assigned but never used. This unconnected signal will be trimmed during the optimization process.
WARNING:Xst:646 - Signal <X0_C> is assigned but never used. This unconnected signal will be trimmed during the optimization process.
WARNING:Xst:646 - Signal <X0_B> is assigned but never used. This unconnected signal will be trimmed during the optimization process.
WARNING:Xst:646 - Signal <X0_A> is assigned but never used. This unconnected signal will be trimmed during the optimization process.
WARNING:Xst:646 - Signal <One_B> is assigned but never used. This unconnected signal will be trimmed during the optimization process.
WARNING:Xst:646 - Signal <One_A> is assigned but never used. This unconnected signal will be trimmed during the optimization process.
WARNING:Xst:646 - Signal <Fs_C> is assigned but never used. This unconnected signal will be trimmed during the optimization process.
WARNING:Xst:646 - Signal <Fs_B> is assigned but never used. This unconnected signal will be trimmed during the optimization process.
WARNING:Xst:646 - Signal <Fs_A> is assigned but never used. This unconnected signal will be trimmed during the optimization process.
WARNING:Xst:646 - Signal <Fe_C> is assigned but never used. This unconnected signal will be trimmed during the optimization process.
WARNING:Xst:646 - Signal <Fe_B> is assigned but never used. This unconnected signal will be trimmed during the optimization process.
WARNING:Xst:646 - Signal <Fe_A> is assigned but never used. This unconnected signal will be trimmed during the optimization process.
WARNING:Xst:646 - Signal <Control_E> is assigned but never used. This unconnected signal will be trimmed during the optimization process.
WARNING:Xst:646 - Signal <Control_D> is assigned but never used. This unconnected signal will be trimmed during the optimization process.
WARNING:Xst:646 - Signal <Control_C> is assigned but never used. This unconnected signal will be trimmed during the optimization process.
WARNING:Xst:646 - Signal <Control_B> is assigned but never used. This unconnected signal will be trimmed during the optimization process.
WARNING:Xst:646 - Signal <Control_A> is assigned but never used. This unconnected signal will be trimmed during the optimization process.
Unit <Sender> synthesized.


Synthesizing Unit <ME>.
    Related source file is "ME.v".
Unit <ME> synthesized.


Synthesizing Unit <Arbiter>.
    Related source file is "Arbiter.v".
WARNING:Xst:1780 - Signal <gnt2_2> is never used or assigned. This unconnected signal will be trimmed during the optimization process.
WARNING:Xst:1780 - Signal <gnt1_1> is never used or assigned. This unconnected signal will be trimmed during the optimization process.
WARNING:Xst:646 - Signal <Ch2UC> is assigned but never used. This unconnected signal will be trimmed during the optimization process.
WARNING:Xst:646 - Signal <Ch2UB> is assigned but never used. This unconnected signal will be trimmed during the optimization process.
WARNING:Xst:646 - Signal <Ch2UA> is assigned but never used. This unconnected signal will be trimmed during the optimization process.
WARNING:Xst:646 - Signal <Ch2DC> is assigned but never used. This unconnected signal will be trimmed during the optimization process.
WARNING:Xst:646 - Signal <Ch2DB> is assigned but never used. This unconnected signal will be trimmed during the optimization process.
WARNING:Xst:646 - Signal <Ch2DA> is assigned but never used. This unconnected signal will be trimmed during the optimization process.
WARNING:Xst:646 - Signal <Ch1UC> is assigned but never used. This unconnected signal will be trimmed during the optimization process.
WARNING:Xst:646 - Signal <Ch1UB> is assigned but never used. This unconnected signal will be trimmed during the optimization process.
WARNING:Xst:646 - Signal <Ch1UA> is assigned but never used. This unconnected signal will be trimmed during the optimization process.
WARNING:Xst:646 - Signal <Ch1DC> is assigned but never used. This unconnected signal will be trimmed during the optimization process.
WARNING:Xst:646 - Signal <Ch1DB> is assigned but never used. This unconnected signal will be trimmed during the optimization process.
WARNING:Xst:646 - Signal <Ch1DA> is assigned but never used. This unconnected signal will be trimmed during the optimization process.
Unit <Arbiter> synthesized.


Synthesizing Unit <AER_Input>.
    Related source file is "AER_Input.v".
Unit <AER_Input> synthesized.


=========================================================================
HDL Synthesis Report

Found no macro
=========================================================================

=========================================================================
*                       Advanced HDL Synthesis                          *
=========================================================================


=========================================================================
Advanced HDL Synthesis Report

Found no macro
=========================================================================

=========================================================================
*                         Low Level Synthesis                           *
=========================================================================
WARNING:Xst:2170 - Unit SenderControl : the following signal(s) form a combinatorial loop: E.
WARNING:Xst:2170 - Unit SenderControl : the following signal(s) form a combinatorial loop: D.
WARNING:Xst:2170 - Unit SenderControl : the following signal(s) form a combinatorial loop: B.
WARNING:Xst:2170 - Unit SenderControl : the following signal(s) form a combinatorial loop: C.
WARNING:Xst:2170 - Unit SenderControl : the following signal(s) form a combinatorial loop: A.
WARNING:Xst:2170 - Unit Sender : the following signal(s) form a combinatorial loop: bit0, Fs_FSM/A, Fs_bit0.
WARNING:Xst:2170 - Unit Sender : the following signal(s) form a combinatorial loop: Fs_FSM/C.
WARNING:Xst:2170 - Unit Sender : the following signal(s) form a combinatorial loop: X0_FSM/C.
WARNING:Xst:2170 - Unit Sender : the following signal(s) form a combinatorial loop: Fe_FSM/A.
WARNING:Xst:2170 - Unit Sender : the following signal(s) form a combinatorial loop: X0_FSM/A.
WARNING:Xst:2170 - Unit Sender : the following signal(s) form a combinatorial loop: Fe_FSM/C.
WARNING:Xst:2170 - Unit Sender : the following signal(s) form a combinatorial loop: X0_FSM/B.
WARNING:Xst:2170 - Unit Sender : the following signal(s) form a combinatorial loop: Zero_FSM/A.
WARNING:Xst:2170 - Unit Sender : the following signal(s) form a combinatorial loop: One_FSM/B.
WARNING:Xst:2170 - Unit Sender : the following signal(s) form a combinatorial loop: Fe_FSM/B.
WARNING:Xst:2170 - Unit Sender : the following signal(s) form a combinatorial loop: Fs_FSM/A.
WARNING:Xst:2170 - Unit Sender : the following signal(s) form a combinatorial loop: One_FSM/A.
WARNING:Xst:2170 - Unit Sender : the following signal(s) form a combinatorial loop: Fs_FSM/B.
WARNING:Xst:2170 - Unit Sender : the following signal(s) form a combinatorial loop: Zero_FSM/B.
WARNING:Xst:2170 - Unit Arbiter : the following signal(s) form a combinatorial loop: Ch1Up_FSM/B, Ch2Down_FSM/B, req1_1, MutualExclusion/SR1/c_and0000, go, MutualExclusion/SR2/c_and0000, req2, req2_1, req2_2, Ch2Up_FSM/B, go1.
WARNING:Xst:2170 - Unit Arbiter : the following signal(s) form a combinatorial loop: Ch1Up_FSM/B.
WARNING:Xst:2170 - Unit Arbiter : the following signal(s) form a combinatorial loop: Ch2Down_FSM/B.
WARNING:Xst:2170 - Unit Arbiter : the following signal(s) form a combinatorial loop: req1_1.
WARNING:Xst:2170 - Unit Arbiter : the following signal(s) form a combinatorial loop: Ch1Down_FSM/B.
WARNING:Xst:2170 - Unit Arbiter : the following signal(s) form a combinatorial loop: MutualExclusion/SR1/c_and0000.
WARNING:Xst:2170 - Unit Arbiter : the following signal(s) form a combinatorial loop: Ch2Down_FSM/C.
WARNING:Xst:2170 - Unit Arbiter : the following signal(s) form a combinatorial loop: req1_2.
WARNING:Xst:2170 - Unit Arbiter : the following signal(s) form a combinatorial loop: Ch2Up_FSM/C.
WARNING:Xst:2170 - Unit Arbiter : the following signal(s) form a combinatorial loop: Ch1Down_FSM/C.
WARNING:Xst:2170 - Unit Arbiter : the following signal(s) form a combinatorial loop: Ch1Up_FSM/C.
WARNING:Xst:2170 - Unit Arbiter : the following signal(s) form a combinatorial loop: req2_1.
WARNING:Xst:2170 - Unit Arbiter : the following signal(s) form a combinatorial loop: req2_2.
WARNING:Xst:2170 - Unit Arbiter : the following signal(s) form a combinatorial loop: Ch2Up_FSM/B.

Optimizing unit <AER_Input> ...

Optimizing unit <SenderControl> ...

Optimizing unit <Sender> ...

Optimizing unit <Arbiter> ...

Mapping all equations...
Building and optimizing final netlist ...
Found area constraint ratio of 100 (+ 5) on block AER_Input, actual ratio is 8.

Final Macro Processing ...

=========================================================================
Final Register Report

Found no macro
=========================================================================

=========================================================================
*                           Partition Report                            *
=========================================================================

Partition Implementation Status
-------------------------------

  No Partitions were found in this design.

-------------------------------

=========================================================================
*                            Final Report                               *
=========================================================================
Final Results
RTL Top Level Output File Name     : AER_Input.ngr
Top Level Output File Name         : AER_Input
Output Format                      : NGC
Optimization Goal                  : Speed
Keep Hierarchy                     : No

Design Statistics
# IOs                              : 8

Cell Usage :
# BELS                             : 146
#      GND                         : 1
#      LUT2                        : 17
#      LUT3                        : 20
#      LUT4                        : 77
#      MUXF5                       : 30
#      VCC                         : 1
# IO Buffers                       : 8
#      IBUF                        : 6
#      OBUF                        : 2
=========================================================================

Device utilization summary:
---------------------------

Selected Device : 3s100ecp132-5 

 Number of Slices:                       70  out of    960     7%  
 Number of 4 input LUTs:                114  out of   1920     5%  
 Number of IOs:                           8
 Number of bonded IOBs:                   8  out of     83     9%  

---------------------------
Partition Resource Summary:
---------------------------

  No Partitions were found in this design.

---------------------------


=========================================================================
TIMING REPORT

NOTE: THESE TIMING NUMBERS ARE ONLY A SYNTHESIS ESTIMATE.
      FOR ACCURATE TIMING INFORMATION PLEASE REFER TO THE TRACE REPORT
      GENERATED AFTER PLACE-and-ROUTE.

Clock Information:
------------------
No clock signals found in this design

Asynchronous Control Signals Information:
----------------------------------------
No asynchronous control signals found in this design

Timing Summary:
---------------
Speed Grade: -5

   Minimum period: No path found
   Minimum input arrival time before clock: No path found
   Maximum output required time after clock: No path found
   Maximum combinational path delay: 46.517ns

Timing Detail:
--------------
All values displayed in nanoseconds (ns)

=========================================================================
Timing constraint: Default path analysis
  Total number of paths / destination ports: 701755 / 2
-------------------------------------------------------------------------
Delay:               46.517ns (Levels of Logic = 41)
  Source:            reset (PAD)
  Destination:       bit0 (PAD)

  Data Path: reset to bit0
                                Gate     Net
    Cell:in->out      fanout   Delay   Delay  Logical Name (Net Name)
    ----------------------------------------  ------------
     IBUF:I->O            43   1.106   1.076  reset_IBUF (reset_IBUF)
     MUXF5:S->O            5   0.641   0.568  Arbitration/Ch2Up_FSM/C_f5 (Arbitration/Ch2Up_FSM/C)
     LUT3:I2->O            1   0.612   0.387  Arbitration/Ch2Up_FSM/B_SW0 (N65)
     LUT4:I2->O            6   0.612   0.638  Arbitration/Ch2Up_FSM/B (Arbitration/Ch2Up_FSM/B)
     LUT4:I1->O            1   0.612   0.000  Arbitration/Ch2Up_FSM/A1 (Arbitration/Ch2Up_FSM/A)
     MUXF5:I1->O           9   0.278   0.766  Arbitration/Ch2Up_FSM/A_f5 (Arbitration/req2_1)
     LUT4:I1->O            1   0.612   0.000  Arbitration/MutualExclusion/SR1/c_and00002 (Arbitration/MutualExclusion/SR1/c_and00002)
     MUXF5:I0->O           8   0.278   0.795  Arbitration/MutualExclusion/SR1/c_and0000_f5 (Arbitration/MutualExclusion/SR1/c_and0000)
     LUT3:I0->O            1   0.612   0.387  Arbitration/Ch2Down_FSM/B_SW0 (N68)
     LUT4:I2->O            6   0.612   0.638  Arbitration/Ch2Down_FSM/B (Arbitration/Ch2Down_FSM/B)
     LUT4:I1->O            1   0.612   0.000  Arbitration/Ch2Down_FSM/A1 (Arbitration/Ch2Down_FSM/A)
     MUXF5:I1->O           9   0.278   0.849  Arbitration/Ch2Down_FSM/A_f5 (Arbitration/req2_2)
     LUT4:I0->O            1   0.612   0.509  Arbitration/Ch21 (Ch2)
     LUT4:I0->O            1   0.612   0.426  SenderChannel/ControlFSM/E6 (SenderChannel/ControlFSM/E6)
     LUT2:I1->O            1   0.612   0.509  SenderChannel/ControlFSM/E7 (SenderChannel/ControlFSM/E7)
     LUT3:I0->O           20   0.612   0.967  SenderChannel/ControlFSM/E86 (SenderChannel/ControlFSM/E)
     LUT4:I2->O            1   0.612   0.387  SenderChannel/ControlFSM/One1 (SenderChannel/One)
     LUT4:I2->O            4   0.612   0.651  SenderChannel/One_FSM/A (SenderChannel/One_FSM/A)
     LUT4:I0->O            4   0.612   0.651  SenderChannel/One_FSM/B (SenderChannel/One_FSM/B)
     LUT2:I0->O            2   0.612   0.532  SenderChannel/One_FSM/Dt1 (SenderChannel/One_d)
     LUT4:I0->O            1   0.612   0.000  SenderChannel/ControlFSM/B371 (SenderChannel/ControlFSM/B371)
     MUXF5:I1->O           1   0.278   0.426  SenderChannel/ControlFSM/B37_f5 (SenderChannel/ControlFSM/B37)
     LUT4:I1->O           23   0.612   1.174  SenderChannel/ControlFSM/B80 (SenderChannel/ControlFSM/B)
     LUT4:I0->O            1   0.612   0.387  SenderChannel/ControlFSM/A8 (SenderChannel/ControlFSM/A8)
     LUT3:I2->O            1   0.612   0.000  SenderChannel/ControlFSM/A422 (SenderChannel/ControlFSM/A421)
     MUXF5:I0->O          19   0.278   1.074  SenderChannel/ControlFSM/A42_f5 (SenderChannel/ControlFSM/A)
     LUT2:I0->O            1   0.612   0.360  SenderChannel/ControlFSM/C43 (SenderChannel/ControlFSM/C43)
     LUT4:I3->O            1   0.612   0.360  SenderChannel/ControlFSM/C58 (SenderChannel/ControlFSM/C58)
     LUT4:I3->O           18   0.612   0.977  SenderChannel/ControlFSM/C79 (SenderChannel/ControlFSM/C)
     LUT2:I1->O            2   0.612   0.532  SenderChannel/ControlFSM/D336 (SenderChannel/ControlFSM/D336)
     LUT3:I0->O            1   0.612   0.000  SenderChannel/ControlFSM/D21 (SenderChannel/ControlFSM/D21)
     MUXF5:I1->O           1   0.278   0.509  SenderChannel/ControlFSM/D2_f5 (SenderChannel/ControlFSM/D2)
     LUT3:I0->O           19   0.612   1.074  SenderChannel/ControlFSM/D56 (SenderChannel/ControlFSM/D)
     LUT4:I0->O            3   0.612   0.603  SenderChannel/ControlFSM/E31 (SenderChannel/ControlFSM/N10)
     LUT4:I0->O            1   0.612   0.387  SenderChannel/ControlFSM/Zero_sen1 (SenderChannel/Zero_sen)
     LUT4:I2->O            4   0.612   0.651  SenderChannel/Zero_FSM/B (SenderChannel/Zero_FSM/B)
     LUT2:I0->O            1   0.612   0.426  SenderChannel/Zero_FSM/A_SW0 (N52)
     LUT4:I1->O            4   0.612   0.651  SenderChannel/Zero_FSM/A (SenderChannel/Zero_FSM/A)
     LUT4:I0->O            1   0.612   0.000  SenderChannel/bit0362 (SenderChannel/bit0361)
     MUXF5:I0->O           1   0.278   0.357  SenderChannel/bit036_f5 (bit0_OBUF)
     OBUF:I->O                 3.169          bit0_OBUF (bit0)
    ----------------------------------------
    Total                     46.517ns (25.834ns logic, 20.683ns route)
                                       (55.5% logic, 44.5% route)

=========================================================================


Total REAL time to Xst completion: 5.00 secs
Total CPU time to Xst completion: 4.49 secs
 
--> 

Total memory usage is 213324 kilobytes

Number of errors   :    0 (   0 filtered)
Number of warnings :   67 (   0 filtered)
Number of infos    :    0 (   0 filtered)

