--------------------------------------------------------------------------------
Release 14.2 Trace  (nt)
Copyright (c) 1995-2012 Xilinx, Inc.  All rights reserved.

G:\Xilinx\14.2\ISE_DS\ISE\bin\nt\unwrapped\trce.exe -intstyle ise -v 3 -s 5 -n
3 -fastpaths -xml AER_Channel.twx AER_Channel.ncd -o AER_Channel.twr
AER_Channel.pcf

Design file:              AER_Channel.ncd
Physical constraint file: AER_Channel.pcf
Device,package,speed:     xc3s100e,cp132,-5 (PRODUCTION 1.27 2012-07-09)
Report level:             verbose report

Environment Variable      Effect 
--------------------      ------ 
NONE                      No environment variables were set
--------------------------------------------------------------------------------

INFO:Timing:2698 - No timing constraints found, doing default enumeration.
INFO:Timing:3412 - To improve timing, see the Timing Closure User Guide (UG612).
INFO:Timing:2752 - To get complete path coverage, use the unconstrained paths 
   option. All paths that are not constrained will be reported in the 
   unconstrained paths section(s) of the report.
INFO:Timing:3339 - The clock-to-out numbers in this timing report are based on 
   a 50 Ohm transmission line loading model.  For the details of this model, 
   and for more information on accounting for different loading conditions, 
   please see the device datasheet.
INFO:Timing:3390 - This architecture does not support a default System Jitter 
   value, please add SYSTEM_JITTER constraint to the UCF to modify the Clock 
   Uncertainty calculation.
INFO:Timing:3389 - This architecture does not support 'Discrete Jitter' and 
   'Phase Error' calculations, these terms will be zero in the Clock 
   Uncertainty calculation.  Please make appropriate modification to 
   SYSTEM_JITTER to account for the unsupported Discrete Jitter and Phase 
   Error.



Data Sheet report:
-----------------
All values displayed in nanoseconds (ns)

Pad to Pad
---------------+---------------+---------+
Source Pad     |Destination Pad|  Delay  |
---------------+---------------+---------+
Ch1Down_In     |Ch1Down_Out    |   63.878|
Ch1Down_In     |Ch1Up_Out      |   63.844|
Ch1Down_In     |Ch2Up_Out      |   64.083|
Ch1Up_In       |Ch1Down_Out    |   64.011|
Ch1Up_In       |Ch1Up_Out      |   63.977|
Ch1Up_In       |Ch2Up_Out      |   64.216|
Ch2Down_In     |Ch1Down_Out    |   62.169|
Ch2Down_In     |Ch1Up_Out      |   62.135|
Ch2Down_In     |Ch2Up_Out      |   62.374|
Ch2Up_In       |Ch1Down_Out    |   66.768|
Ch2Up_In       |Ch1Up_Out      |   66.734|
Ch2Up_In       |Ch2Up_Out      |   66.973|
reset          |Ch1Down_Out    |   84.462|
reset          |Ch1Up_Out      |   84.428|
reset          |Ch2Down_Out    |   15.753|
reset          |Ch2Up_Out      |   84.667|
---------------+---------------+---------+


Analysis completed Fri Nov 30 23:31:48 2012 
--------------------------------------------------------------------------------

Trace Settings:
-------------------------
Trace Settings 

Peak Memory Usage: 122 MB



