Release 14.2 - xst P.28xd (nt)
Copyright (c) 1995-2012 Xilinx, Inc.  All rights reserved.
--> Parameter TMPDIR set to xst/projnav.tmp


Total REAL time to Xst completion: 1.00 secs
Total CPU time to Xst completion: 0.09 secs
 
--> Parameter xsthdpdir set to xst


Total REAL time to Xst completion: 1.00 secs
Total CPU time to Xst completion: 0.09 secs
 
--> Reading design: Arbiter.prj

TABLE OF CONTENTS
  1) Synthesis Options Summary
  2) HDL Compilation
  3) Design Hierarchy Analysis
  4) HDL Analysis
  5) HDL Synthesis
     5.1) HDL Synthesis Report
  6) Advanced HDL Synthesis
     6.1) Advanced HDL Synthesis Report
  7) Low Level Synthesis
  8) Partition Report
  9) Final Report
	9.1) Device utilization summary
	9.2) Partition Resource Summary
	9.3) TIMING REPORT


=========================================================================
*                      Synthesis Options Summary                        *
=========================================================================
---- Source Parameters
Input File Name                    : "Arbiter.prj"
Input Format                       : mixed
Ignore Synthesis Constraint File   : NO

---- Target Parameters
Output File Name                   : "Arbiter"
Output Format                      : NGC
Target Device                      : xc3s100e-5-cp132

---- Source Options
Top Module Name                    : Arbiter
Automatic FSM Extraction           : YES
FSM Encoding Algorithm             : Auto
Safe Implementation                : No
FSM Style                          : LUT
RAM Extraction                     : Yes
RAM Style                          : Auto
ROM Extraction                     : Yes
Mux Style                          : Auto
Decoder Extraction                 : YES
Priority Encoder Extraction        : Yes
Shift Register Extraction          : YES
Logical Shifter Extraction         : YES
XOR Collapsing                     : YES
ROM Style                          : Auto
Mux Extraction                     : Yes
Resource Sharing                   : YES
Asynchronous To Synchronous        : NO
Multiplier Style                   : Auto
Automatic Register Balancing       : No

---- Target Options
Add IO Buffers                     : YES
Global Maximum Fanout              : 500
Add Generic Clock Buffer(BUFG)     : 24
Register Duplication               : YES
Slice Packing                      : YES
Optimize Instantiated Primitives   : NO
Use Clock Enable                   : Yes
Use Synchronous Set                : Yes
Use Synchronous Reset              : Yes
Pack IO Registers into IOBs        : Auto
Equivalent register Removal        : YES

---- General Options
Optimization Goal                  : Speed
Optimization Effort                : 1
Keep Hierarchy                     : No
Netlist Hierarchy                  : As_Optimized
RTL Output                         : Yes
Global Optimization                : AllClockNets
Read Cores                         : YES
Write Timing Constraints           : NO
Cross Clock Analysis               : NO
Hierarchy Separator                : /
Bus Delimiter                      : <>
Case Specifier                     : Maintain
Slice Utilization Ratio            : 100
BRAM Utilization Ratio             : 100
Verilog 2001                       : YES
Auto BRAM Packing                  : NO
Slice Utilization Ratio Delta      : 5

=========================================================================


=========================================================================
*                          HDL Compilation                              *
=========================================================================
Compiling verilog file "Nor.v" in library work
Compiling verilog file "Nand.v" in library work
Module <Nor> compiled
Compiling verilog file "ME.v" in library work
Module <Nand> compiled
Compiling verilog file "Ch2Up_FSM.v" in library work
Module <ME> compiled
Compiling verilog file "Ch2Down_FSM.v" in library work
Module <Ch2Up_FSM> compiled
Compiling verilog file "Ch1Up_FSM.v" in library work
Module <Ch2Down_FSM> compiled
Compiling verilog file "Ch1Down_FSM.v" in library work
Module <Ch1Up_FSM> compiled
Compiling verilog file "Arbiter.v" in library work
Module <Ch1Down_FSM> compiled
Module <Arbiter> compiled
No errors in compilation
Analysis of file <"Arbiter.prj"> succeeded.
 

=========================================================================
*                     Design Hierarchy Analysis                         *
=========================================================================
Analyzing hierarchy for module <Arbiter> in library <work>.

Analyzing hierarchy for module <Ch1Up_FSM> in library <work>.

Analyzing hierarchy for module <Ch1Down_FSM> in library <work>.

Analyzing hierarchy for module <Ch2Up_FSM> in library <work>.

Analyzing hierarchy for module <Ch2Down_FSM> in library <work>.

Analyzing hierarchy for module <ME> in library <work>.

Analyzing hierarchy for module <Nand> in library <work>.

Analyzing hierarchy for module <Nor> in library <work>.


=========================================================================
*                            HDL Analysis                               *
=========================================================================
Analyzing top module <Arbiter>.
Module <Arbiter> is correct for synthesis.
 
Analyzing module <Ch1Up_FSM> in library <work>.
Module <Ch1Up_FSM> is correct for synthesis.
 
Analyzing module <Ch1Down_FSM> in library <work>.
Module <Ch1Down_FSM> is correct for synthesis.
 
Analyzing module <Ch2Up_FSM> in library <work>.
Module <Ch2Up_FSM> is correct for synthesis.
 
Analyzing module <Ch2Down_FSM> in library <work>.
Module <Ch2Down_FSM> is correct for synthesis.
 
Analyzing module <ME> in library <work>.
Module <ME> is correct for synthesis.
 
Analyzing module <Nand> in library <work>.
Module <Nand> is correct for synthesis.
 
Analyzing module <Nor> in library <work>.
Module <Nor> is correct for synthesis.
 

=========================================================================
*                           HDL Synthesis                               *
=========================================================================

Performing bidirectional port resolution...

Synthesizing Unit <Ch1Up_FSM>.
    Related source file is "Ch1Up_FSM.v".
Unit <Ch1Up_FSM> synthesized.


Synthesizing Unit <Ch1Down_FSM>.
    Related source file is "Ch1Down_FSM.v".
Unit <Ch1Down_FSM> synthesized.


Synthesizing Unit <Ch2Up_FSM>.
    Related source file is "Ch2Up_FSM.v".
Unit <Ch2Up_FSM> synthesized.


Synthesizing Unit <Ch2Down_FSM>.
    Related source file is "Ch2Down_FSM.v".
Unit <Ch2Down_FSM> synthesized.


Synthesizing Unit <Nand>.
    Related source file is "Nand.v".
Unit <Nand> synthesized.


Synthesizing Unit <Nor>.
    Related source file is "Nor.v".
Unit <Nor> synthesized.


Synthesizing Unit <ME>.
    Related source file is "ME.v".
Unit <ME> synthesized.


Synthesizing Unit <Arbiter>.
    Related source file is "Arbiter.v".
WARNING:Xst:1306 - Output <go> is never assigned.
WARNING:Xst:646 - Signal <go4> is assigned but never used. This unconnected signal will be trimmed during the optimization process.
WARNING:Xst:646 - Signal <go3> is assigned but never used. This unconnected signal will be trimmed during the optimization process.
WARNING:Xst:646 - Signal <go2> is assigned but never used. This unconnected signal will be trimmed during the optimization process.
WARNING:Xst:646 - Signal <go1> is assigned but never used. This unconnected signal will be trimmed during the optimization process.
WARNING:Xst:1780 - Signal <gnt2_2> is never used or assigned. This unconnected signal will be trimmed during the optimization process.
WARNING:Xst:1780 - Signal <gnt1_1> is never used or assigned. This unconnected signal will be trimmed during the optimization process.
WARNING:Xst:653 - Signal <Fs_sen> is used but never assigned. This sourceless signal will be automatically connected to value 0.
WARNING:Xst:653 - Signal <Fe_d> is used but never assigned. This sourceless signal will be automatically connected to value 0.
WARNING:Xst:646 - Signal <Ch2UC> is assigned but never used. This unconnected signal will be trimmed during the optimization process.
WARNING:Xst:646 - Signal <Ch2UB> is assigned but never used. This unconnected signal will be trimmed during the optimization process.
WARNING:Xst:646 - Signal <Ch2UA> is assigned but never used. This unconnected signal will be trimmed during the optimization process.
WARNING:Xst:646 - Signal <Ch2DC> is assigned but never used. This unconnected signal will be trimmed during the optimization process.
WARNING:Xst:646 - Signal <Ch2DB> is assigned but never used. This unconnected signal will be trimmed during the optimization process.
WARNING:Xst:646 - Signal <Ch2DA> is assigned but never used. This unconnected signal will be trimmed during the optimization process.
WARNING:Xst:646 - Signal <Ch1UC> is assigned but never used. This unconnected signal will be trimmed during the optimization process.
WARNING:Xst:646 - Signal <Ch1UB> is assigned but never used. This unconnected signal will be trimmed during the optimization process.
WARNING:Xst:646 - Signal <Ch1UA> is assigned but never used. This unconnected signal will be trimmed during the optimization process.
WARNING:Xst:646 - Signal <Ch1DC> is assigned but never used. This unconnected signal will be trimmed during the optimization process.
WARNING:Xst:646 - Signal <Ch1DB> is assigned but never used. This unconnected signal will be trimmed during the optimization process.
WARNING:Xst:646 - Signal <Ch1DA> is assigned but never used. This unconnected signal will be trimmed during the optimization process.
Unit <Arbiter> synthesized.


=========================================================================
HDL Synthesis Report

Found no macro
=========================================================================

=========================================================================
*                       Advanced HDL Synthesis                          *
=========================================================================


=========================================================================
Advanced HDL Synthesis Report

Found no macro
=========================================================================

=========================================================================
*                         Low Level Synthesis                           *
=========================================================================
WARNING:Xst:2170 - Unit Arbiter : the following signal(s) form a combinatorial loop: Ch1Up, Up, req2_1, req2_2, req2, Ch1Up_FSM/B, Ch2Down_FSM/A_and0000, Ch2Up_FSM/A_and0000, req1_1, Ch1Up_FSM/A_and0000, MutualExclusion/SR2/c_and0000, Ch2Down_FSM/B, Ch2Up_FSM/B, MutualExclusion/SR1/c_and0000.
WARNING:Xst:2170 - Unit Arbiter : the following signal(s) form a combinatorial loop: Ch1Up_FSM/C.
WARNING:Xst:2170 - Unit Arbiter : the following signal(s) form a combinatorial loop: req2_1.
WARNING:Xst:2170 - Unit Arbiter : the following signal(s) form a combinatorial loop: req2_2.
WARNING:Xst:2170 - Unit Arbiter : the following signal(s) form a combinatorial loop: Ch1Up_FSM/B.
WARNING:Xst:2170 - Unit Arbiter : the following signal(s) form a combinatorial loop: Ch2Down_FSM/C.
WARNING:Xst:2170 - Unit Arbiter : the following signal(s) form a combinatorial loop: Ch1Down_FSM/C.
WARNING:Xst:2170 - Unit Arbiter : the following signal(s) form a combinatorial loop: Ch2Up_FSM/C.
WARNING:Xst:2170 - Unit Arbiter : the following signal(s) form a combinatorial loop: req1_1.
WARNING:Xst:2170 - Unit Arbiter : the following signal(s) form a combinatorial loop: req1_2.
WARNING:Xst:2170 - Unit Arbiter : the following signal(s) form a combinatorial loop: Ch2Down_FSM/B.
WARNING:Xst:2170 - Unit Arbiter : the following signal(s) form a combinatorial loop: Ch1Down_FSM/B.
WARNING:Xst:2170 - Unit Arbiter : the following signal(s) form a combinatorial loop: Ch2Up_FSM/B.
WARNING:Xst:2170 - Unit Arbiter : the following signal(s) form a combinatorial loop: MutualExclusion/SR1/c_and0000.

Optimizing unit <Arbiter> ...

Mapping all equations...
Building and optimizing final netlist ...
Found area constraint ratio of 100 (+ 5) on block Arbiter, actual ratio is 2.

Final Macro Processing ...

=========================================================================
Final Register Report

Found no macro
=========================================================================

=========================================================================
*                           Partition Report                            *
=========================================================================

Partition Implementation Status
-------------------------------

  No Partitions were found in this design.

-------------------------------

=========================================================================
*                            Final Report                               *
=========================================================================
Final Results
RTL Top Level Output File Name     : Arbiter.ngr
Top Level Output File Name         : Arbiter
Output Format                      : NGC
Optimization Goal                  : Speed
Keep Hierarchy                     : No

Design Statistics
# IOs                              : 10

Cell Usage :
# BELS                             : 34
#      GND                         : 1
#      LUT3                        : 3
#      LUT4                        : 19
#      MUXF5                       : 11
# IO Buffers                       : 9
#      IBUF                        : 5
#      OBUF                        : 4
=========================================================================

Device utilization summary:
---------------------------

Selected Device : 3s100ecp132-5 

 Number of Slices:                       17  out of    960     1%  
 Number of 4 input LUTs:                 22  out of   1920     1%  
 Number of IOs:                          10
 Number of bonded IOBs:                   9  out of     83    10%  

---------------------------
Partition Resource Summary:
---------------------------

  No Partitions were found in this design.

---------------------------


=========================================================================
TIMING REPORT

NOTE: THESE TIMING NUMBERS ARE ONLY A SYNTHESIS ESTIMATE.
      FOR ACCURATE TIMING INFORMATION PLEASE REFER TO THE TRACE REPORT
      GENERATED AFTER PLACE-and-ROUTE.

Clock Information:
------------------
No clock signals found in this design

Asynchronous Control Signals Information:
----------------------------------------
No asynchronous control signals found in this design

Timing Summary:
---------------
Speed Grade: -5

   Minimum period: No path found
   Minimum input arrival time before clock: No path found
   Maximum output required time after clock: No path found
   Maximum combinational path delay: 19.671ns

Timing Detail:
--------------
All values displayed in nanoseconds (ns)

=========================================================================
Timing constraint: Default path analysis
  Total number of paths / destination ports: 296 / 4
-------------------------------------------------------------------------
Delay:               19.671ns (Levels of Logic = 18)
  Source:            reset (PAD)
  Destination:       Up (PAD)

  Data Path: reset to Up
                                Gate     Net
    Cell:in->out      fanout   Delay   Delay  Logical Name (Net Name)
    ----------------------------------------  ------------
     IBUF:I->O            12   1.106   0.817  reset_IBUF (reset_IBUF)
     MUXF5:S->O            4   0.641   0.651  Ch2Down_FSM/C_f5 (Ch2Down_FSM/C)
     LUT3:I0->O            1   0.612   0.387  Ch2Down_FSM/B_SW0 (N45)
     LUT4:I2->O            5   0.612   0.607  Ch2Down_FSM/B (Ch2Down_FSM/B)
     LUT4:I1->O            1   0.612   0.000  Ch2Down_FSM/A1 (Ch2Down_FSM/A)
     MUXF5:I1->O           8   0.278   0.712  Ch2Down_FSM/A_f5 (req2_2)
     LUT4:I1->O            1   0.612   0.360  Ch2Up_FSM/B_SW1 (N43)
     LUT4:I3->O            5   0.612   0.607  Ch2Up_FSM/B (Ch2Up_FSM/B)
     LUT4:I1->O            1   0.612   0.000  Ch2Up_FSM/A1 (Ch2Up_FSM/A)
     MUXF5:I1->O           8   0.278   0.712  Ch2Up_FSM/A_f5 (req2_1)
     LUT4:I1->O            1   0.612   0.000  MutualExclusion/SR1/c_and00002 (MutualExclusion/SR1/c_and00002)
     MUXF5:I0->O           8   0.278   0.673  MutualExclusion/SR1/c_and0000_f5 (MutualExclusion/SR1/c_and0000)
     LUT4:I2->O            1   0.612   0.000  Ch1Up_FSM/B1 (Ch1Up_FSM/B1)
     MUXF5:I1->O           5   0.278   0.607  Ch1Up_FSM/B_f5 (Ch1Up_FSM/B)
     LUT4:I1->O            1   0.612   0.000  Ch1Up_FSM/A1 (Ch1Up_FSM/A)
     MUXF5:I1->O           7   0.278   0.754  Ch1Up_FSM/A_f5 (req1_1)
     LUT4:I0->O            1   0.612   0.357  Up1 (Up_OBUF)
     OBUF:I->O                 3.169          Up_OBUF (Up)
    ----------------------------------------
    Total                     19.671ns (12.426ns logic, 7.245ns route)
                                       (63.2% logic, 36.8% route)

=========================================================================


Total REAL time to Xst completion: 4.00 secs
Total CPU time to Xst completion: 4.05 secs
 
--> 

Total memory usage is 212428 kilobytes

Number of errors   :    0 (   0 filtered)
Number of warnings :   35 (   0 filtered)
Number of infos    :    0 (   0 filtered)

