Release 14.2 - xst P.28xd (nt)
Copyright (c) 1995-2012 Xilinx, Inc.  All rights reserved.
--> Parameter TMPDIR set to xst/projnav.tmp


Total REAL time to Xst completion: 0.00 secs
Total CPU time to Xst completion: 0.09 secs
 
--> Parameter xsthdpdir set to xst


Total REAL time to Xst completion: 0.00 secs
Total CPU time to Xst completion: 0.09 secs
 
--> Reading design: Sender.prj

TABLE OF CONTENTS
  1) Synthesis Options Summary
  2) HDL Compilation
  3) Design Hierarchy Analysis
  4) HDL Analysis
  5) HDL Synthesis
     5.1) HDL Synthesis Report
  6) Advanced HDL Synthesis
     6.1) Advanced HDL Synthesis Report
  7) Low Level Synthesis
  8) Partition Report
  9) Final Report
	9.1) Device utilization summary
	9.2) Partition Resource Summary
	9.3) TIMING REPORT


=========================================================================
*                      Synthesis Options Summary                        *
=========================================================================
---- Source Parameters
Input File Name                    : "Sender.prj"
Input Format                       : mixed
Ignore Synthesis Constraint File   : NO

---- Target Parameters
Output File Name                   : "Sender"
Output Format                      : NGC
Target Device                      : xc3s100e-5-cp132

---- Source Options
Top Module Name                    : Sender
Automatic FSM Extraction           : YES
FSM Encoding Algorithm             : Auto
Safe Implementation                : No
FSM Style                          : LUT
RAM Extraction                     : Yes
RAM Style                          : Auto
ROM Extraction                     : Yes
Mux Style                          : Auto
Decoder Extraction                 : YES
Priority Encoder Extraction        : Yes
Shift Register Extraction          : YES
Logical Shifter Extraction         : YES
XOR Collapsing                     : YES
ROM Style                          : Auto
Mux Extraction                     : Yes
Resource Sharing                   : YES
Asynchronous To Synchronous        : NO
Multiplier Style                   : Auto
Automatic Register Balancing       : No

---- Target Options
Add IO Buffers                     : YES
Global Maximum Fanout              : 100000
Add Generic Clock Buffer(BUFG)     : 24
Register Duplication               : YES
Slice Packing                      : YES
Optimize Instantiated Primitives   : NO
Use Clock Enable                   : Yes
Use Synchronous Set                : Yes
Use Synchronous Reset              : Yes
Pack IO Registers into IOBs        : Auto
Equivalent register Removal        : YES

---- General Options
Optimization Goal                  : Speed
Optimization Effort                : 1
Keep Hierarchy                     : No
Netlist Hierarchy                  : As_Optimized
RTL Output                         : Yes
Global Optimization                : AllClockNets
Read Cores                         : YES
Write Timing Constraints           : NO
Cross Clock Analysis               : NO
Hierarchy Separator                : /
Bus Delimiter                      : <>
Case Specifier                     : Maintain
Slice Utilization Ratio            : 100
BRAM Utilization Ratio             : 100
Verilog 2001                       : YES
Auto BRAM Packing                  : NO
Slice Utilization Ratio Delta      : 5

=========================================================================


=========================================================================
*                          HDL Compilation                              *
=========================================================================
Compiling verilog file "X0.v" in library work
Compiling verilog file "SenderControl.v" in library work
Module <X0> compiled
Compiling verilog file "One.v" in library work
Module <SenderControl> compiled
Compiling verilog file "Nought.v" in library work
Module <One> compiled
Compiling verilog file "FsRefined.v" in library work
Module <Nought> compiled
Compiling verilog file "Fe.v" in library work
Module <FsRefined> compiled
Compiling verilog file "Sender.v" in library work
Module <Fe> compiled
Module <Sender> compiled
No errors in compilation
Analysis of file <"Sender.prj"> succeeded.
 

=========================================================================
*                     Design Hierarchy Analysis                         *
=========================================================================
Analyzing hierarchy for module <Sender> in library <work>.

Analyzing hierarchy for module <SenderControl> in library <work>.

Analyzing hierarchy for module <FsRefined> in library <work>.

Analyzing hierarchy for module <One> in library <work>.

Analyzing hierarchy for module <Nought> in library <work>.

Analyzing hierarchy for module <X0> in library <work>.

Analyzing hierarchy for module <Fe> in library <work>.


=========================================================================
*                            HDL Analysis                               *
=========================================================================
Analyzing top module <Sender>.
Module <Sender> is correct for synthesis.
 
Analyzing module <SenderControl> in library <work>.
Module <SenderControl> is correct for synthesis.
 
Analyzing module <FsRefined> in library <work>.
Module <FsRefined> is correct for synthesis.
 
Analyzing module <One> in library <work>.
Module <One> is correct for synthesis.
 
Analyzing module <Nought> in library <work>.
Module <Nought> is correct for synthesis.
 
Analyzing module <X0> in library <work>.
Module <X0> is correct for synthesis.
 
Analyzing module <Fe> in library <work>.
Module <Fe> is correct for synthesis.
 

=========================================================================
*                           HDL Synthesis                               *
=========================================================================

Performing bidirectional port resolution...

Synthesizing Unit <SenderControl>.
    Related source file is "SenderControl.v".
Unit <SenderControl> synthesized.


Synthesizing Unit <FsRefined>.
    Related source file is "FsRefined.v".
Unit <FsRefined> synthesized.


Synthesizing Unit <One>.
    Related source file is "One.v".
Unit <One> synthesized.


Synthesizing Unit <Nought>.
    Related source file is "Nought.v".
Unit <Nought> synthesized.


Synthesizing Unit <X0>.
    Related source file is "X0.v".
Unit <X0> synthesized.


Synthesizing Unit <Fe>.
    Related source file is "Fe.v".
Unit <Fe> synthesized.


Synthesizing Unit <Sender>.
    Related source file is "Sender.v".
WARNING:Xst:646 - Signal <Zero_B> is assigned but never used. This unconnected signal will be trimmed during the optimization process.
WARNING:Xst:646 - Signal <Zero_A> is assigned but never used. This unconnected signal will be trimmed during the optimization process.
WARNING:Xst:646 - Signal <X0_C> is assigned but never used. This unconnected signal will be trimmed during the optimization process.
WARNING:Xst:646 - Signal <X0_B> is assigned but never used. This unconnected signal will be trimmed during the optimization process.
WARNING:Xst:646 - Signal <X0_A> is assigned but never used. This unconnected signal will be trimmed during the optimization process.
WARNING:Xst:646 - Signal <One_B> is assigned but never used. This unconnected signal will be trimmed during the optimization process.
WARNING:Xst:646 - Signal <One_A> is assigned but never used. This unconnected signal will be trimmed during the optimization process.
WARNING:Xst:646 - Signal <Fs_C> is assigned but never used. This unconnected signal will be trimmed during the optimization process.
WARNING:Xst:646 - Signal <Fs_B> is assigned but never used. This unconnected signal will be trimmed during the optimization process.
WARNING:Xst:646 - Signal <Fs_A> is assigned but never used. This unconnected signal will be trimmed during the optimization process.
WARNING:Xst:646 - Signal <Fe_C> is assigned but never used. This unconnected signal will be trimmed during the optimization process.
WARNING:Xst:646 - Signal <Fe_B> is assigned but never used. This unconnected signal will be trimmed during the optimization process.
WARNING:Xst:646 - Signal <Fe_A> is assigned but never used. This unconnected signal will be trimmed during the optimization process.
WARNING:Xst:646 - Signal <Control_E> is assigned but never used. This unconnected signal will be trimmed during the optimization process.
WARNING:Xst:646 - Signal <Control_D> is assigned but never used. This unconnected signal will be trimmed during the optimization process.
WARNING:Xst:646 - Signal <Control_C> is assigned but never used. This unconnected signal will be trimmed during the optimization process.
WARNING:Xst:646 - Signal <Control_B> is assigned but never used. This unconnected signal will be trimmed during the optimization process.
WARNING:Xst:646 - Signal <Control_A> is assigned but never used. This unconnected signal will be trimmed during the optimization process.
Unit <Sender> synthesized.


=========================================================================
HDL Synthesis Report

Found no macro
=========================================================================

=========================================================================
*                       Advanced HDL Synthesis                          *
=========================================================================


=========================================================================
Advanced HDL Synthesis Report

Found no macro
=========================================================================

=========================================================================
*                         Low Level Synthesis                           *
=========================================================================
WARNING:Xst:2170 - Unit Sender : the following signal(s) form a combinatorial loop: bit0, Fs_bit0, Fs_FSM/A.
WARNING:Xst:2170 - Unit Sender : the following signal(s) form a combinatorial loop: Fe_FSM/A.
WARNING:Xst:2170 - Unit Sender : the following signal(s) form a combinatorial loop: X0_FSM/B.
WARNING:Xst:2170 - Unit Sender : the following signal(s) form a combinatorial loop: X0_FSM/A.
WARNING:Xst:2170 - Unit Sender : the following signal(s) form a combinatorial loop: One_FSM/B.
WARNING:Xst:2170 - Unit Sender : the following signal(s) form a combinatorial loop: X0_FSM/C.
WARNING:Xst:2170 - Unit Sender : the following signal(s) form a combinatorial loop: Zero_FSM/B.
WARNING:Xst:2170 - Unit Sender : the following signal(s) form a combinatorial loop: Fe_FSM/C.
WARNING:Xst:2170 - Unit Sender : the following signal(s) form a combinatorial loop: Zero_FSM/A.
WARNING:Xst:2170 - Unit Sender : the following signal(s) form a combinatorial loop: Fs_FSM/A.
WARNING:Xst:2170 - Unit Sender : the following signal(s) form a combinatorial loop: Fs_FSM/B.
WARNING:Xst:2170 - Unit Sender : the following signal(s) form a combinatorial loop: Fe_FSM/B.
WARNING:Xst:2170 - Unit Sender : the following signal(s) form a combinatorial loop: One_FSM/A.
WARNING:Xst:2170 - Unit Sender : the following signal(s) form a combinatorial loop: Fs_FSM/C.
WARNING:Xst:2170 - Unit SenderControl : the following signal(s) form a combinatorial loop: B.
WARNING:Xst:2170 - Unit SenderControl : the following signal(s) form a combinatorial loop: A.
WARNING:Xst:2170 - Unit SenderControl : the following signal(s) form a combinatorial loop: C.
WARNING:Xst:2170 - Unit SenderControl : the following signal(s) form a combinatorial loop: D.
WARNING:Xst:2170 - Unit SenderControl : the following signal(s) form a combinatorial loop: E.

Optimizing unit <Sender> ...

Optimizing unit <SenderControl> ...

Mapping all equations...
Building and optimizing final netlist ...
Found area constraint ratio of 100 (+ 5) on block Sender, actual ratio is 5.

Final Macro Processing ...

=========================================================================
Final Register Report

Found no macro
=========================================================================

=========================================================================
*                           Partition Report                            *
=========================================================================

Partition Implementation Status
-------------------------------

  No Partitions were found in this design.

-------------------------------

=========================================================================
*                            Final Report                               *
=========================================================================
Final Results
RTL Top Level Output File Name     : Sender.ngr
Top Level Output File Name         : Sender
Output Format                      : NGC
Optimization Goal                  : Speed
Keep Hierarchy                     : No

Design Statistics
# IOs                              : 9

Cell Usage :
# BELS                             : 105
#      GND                         : 1
#      INV                         : 1
#      LUT2                        : 16
#      LUT3                        : 14
#      LUT4                        : 56
#      MUXF5                       : 16
#      VCC                         : 1
# IO Buffers                       : 9
#      IBUF                        : 7
#      OBUF                        : 2
=========================================================================

Device utilization summary:
---------------------------

Selected Device : 3s100ecp132-5 

 Number of Slices:                       51  out of    960     5%  
 Number of 4 input LUTs:                 87  out of   1920     4%  
 Number of IOs:                           9
 Number of bonded IOBs:                   9  out of     83    10%  

---------------------------
Partition Resource Summary:
---------------------------

  No Partitions were found in this design.

---------------------------


=========================================================================
TIMING REPORT

NOTE: THESE TIMING NUMBERS ARE ONLY A SYNTHESIS ESTIMATE.
      FOR ACCURATE TIMING INFORMATION PLEASE REFER TO THE TRACE REPORT
      GENERATED AFTER PLACE-and-ROUTE.

Clock Information:
------------------
No clock signals found in this design

Asynchronous Control Signals Information:
----------------------------------------
No asynchronous control signals found in this design

Timing Summary:
---------------
Speed Grade: -5

   Minimum period: No path found
   Minimum input arrival time before clock: No path found
   Maximum output required time after clock: No path found
   Maximum combinational path delay: 52.155ns

Timing Detail:
--------------
All values displayed in nanoseconds (ns)

=========================================================================
Timing constraint: Default path analysis
  Total number of paths / destination ports: 594166 / 2
-------------------------------------------------------------------------
Delay:               52.155ns (Levels of Logic = 49)
  Source:            reset (PAD)
  Destination:       bit1 (PAD)

  Data Path: reset to bit1
                                Gate     Net
    Cell:in->out      fanout   Delay   Delay  Logical Name (Net Name)
    ----------------------------------------  ------------
     IBUF:I->O            31   1.106   1.225  reset_IBUF (reset_IBUF)
     LUT2:I0->O           13   0.612   0.866  Fe_FSM/B11 (N01)
     LUT4:I2->O            1   0.612   0.387  Fe_FSM/C_SW1 (N55)
     LUT4:I2->O            8   0.612   0.712  Fe_FSM/C (Fe_FSM/C)
     LUT4:I1->O            1   0.612   0.000  Fe_FSM/B1 (Fe_FSM/B1)
     MUXF5:I1->O           9   0.278   0.849  Fe_FSM/B_f5 (Fe_FSM/B)
     LUT4:I0->O            1   0.612   0.000  Fe_FSM/A2 (Fe_FSM/A2)
     MUXF5:I0->O           7   0.278   0.754  Fe_FSM/A_f5 (Fe_FSM/A)
     LUT3:I0->O            2   0.612   0.449  Fe_FSM/Dt1 (Fe_d)
     LUT3:I1->O            1   0.612   0.000  ControlFSM/E492 (ControlFSM/E492)
     MUXF5:I0->O           1   0.278   0.387  ControlFSM/E49_f5 (ControlFSM/E49)
     LUT4:I2->O            1   0.612   0.000  ControlFSM/E881 (ControlFSM/E88)
     MUXF5:I1->O          21   0.278   1.028  ControlFSM/E88_f5 (ControlFSM/E)
     LUT4:I1->O            1   0.612   0.387  ControlFSM/One_sen1 (One_sen)
     LUT4:I2->O            4   0.612   0.651  One_FSM/B (One_FSM/B)
     LUT2:I0->O            1   0.612   0.426  One_FSM/A_SW0 (N46)
     LUT4:I1->O            4   0.612   0.651  One_FSM/A (One_FSM/A)
     LUT2:I0->O            2   0.612   0.532  One_FSM/Dt1 (One_d)
     LUT4:I0->O            1   0.612   0.000  ControlFSM/C241 (ControlFSM/C241)
     MUXF5:I1->O           1   0.278   0.360  ControlFSM/C24_f5 (ControlFSM/C24)
     LUT4:I3->O           19   0.612   0.952  ControlFSM/C79 (ControlFSM/C)
     LUT4:I2->O            1   0.612   0.387  ControlFSM/Zero_sen1 (Zero_sen)
     LUT4:I2->O            4   0.612   0.651  Zero_FSM/B (Zero_FSM/B)
     LUT2:I0->O            1   0.612   0.426  Zero_FSM/A_SW0 (N44)
     LUT4:I1->O            4   0.612   0.651  Zero_FSM/A (Zero_FSM/A)
     LUT2:I0->O            2   0.612   0.410  Zero_FSM/Dt1 (Zero_d)
     LUT4:I2->O            1   0.612   0.426  ControlFSM/D34 (ControlFSM/D34)
     LUT3:I1->O           17   0.612   0.962  ControlFSM/D56 (ControlFSM/D)
     LUT4:I1->O            1   0.612   0.000  ControlFSM/A101 (ControlFSM/A101)
     MUXF5:I0->O           1   0.278   0.360  ControlFSM/A10_f5 (ControlFSM/A10)
     LUT4:I3->O           16   0.612   1.031  ControlFSM/A44 (ControlFSM/A)
     LUT3:I0->O            7   0.612   0.632  ControlFSM/E21 (ControlFSM/N6)
     LUT3:I2->O            1   0.612   0.387  ControlFSM/Fs1 (Fs)
     LUT4:I2->O            6   0.612   0.599  Fs_FSM/A (Fs_FSM/A)
     LUT4:I2->O            1   0.612   0.000  ControlFSM/B611 (ControlFSM/B611)
     MUXF5:I0->O           1   0.278   0.426  ControlFSM/B61_f5 (ControlFSM/B61)
     LUT4:I1->O           21   0.612   1.111  ControlFSM/B80 (ControlFSM/B)
     LUT4:I0->O            1   0.612   0.000  ControlFSM/X0_sen1 (ControlFSM/X0_sen)
     MUXF5:I1->O           3   0.278   0.454  ControlFSM/X0_sen_f5 (X0_sen)
     LUT4:I3->O            1   0.612   0.000  X0_FSM/B2 (X0_FSM/B2)
     MUXF5:I0->O          10   0.278   0.902  X0_FSM/B_f5 (X0_FSM/B)
     LUT3:I0->O            1   0.612   0.000  X0_FSM/A_SW02 (X0_FSM/A_SW01)
     MUXF5:I0->O           1   0.278   0.509  X0_FSM/A_SW0_f5 (N39)
     LUT2:I0->O            1   0.612   0.000  X0_FSM/A2 (X0_FSM/A2)
     MUXF5:I0->O           6   0.278   0.599  X0_FSM/A_f5 (X0_FSM/A)
     LUT3:I2->O            1   0.612   0.387  bit111_SW0 (N65)
     LUT4:I2->O            1   0.612   0.509  bit111 (bit111)
     LUT4:I0->O            1   0.612   0.357  bit134 (bit1_OBUF)
     OBUF:I->O                 3.169          bit1_OBUF (bit1)
    ----------------------------------------
    Total                     52.155ns (29.365ns logic, 22.790ns route)
                                       (56.3% logic, 43.7% route)

=========================================================================


Total REAL time to Xst completion: 4.00 secs
Total CPU time to Xst completion: 4.32 secs
 
--> 

Total memory usage is 212428 kilobytes

Number of errors   :    0 (   0 filtered)
Number of warnings :   37 (   0 filtered)
Number of infos    :    0 (   0 filtered)

