Release 14.2 - xst P.28xd (nt)
Copyright (c) 1995-2012 Xilinx, Inc.  All rights reserved.
--> Parameter TMPDIR set to xst/projnav.tmp


Total REAL time to Xst completion: 0.00 secs
Total CPU time to Xst completion: 0.09 secs
 
--> Parameter xsthdpdir set to xst


Total REAL time to Xst completion: 0.00 secs
Total CPU time to Xst completion: 0.09 secs
 
--> Reading design: SenderControl.prj

TABLE OF CONTENTS
  1) Synthesis Options Summary
  2) HDL Compilation
  3) Design Hierarchy Analysis
  4) HDL Analysis
  5) HDL Synthesis
     5.1) HDL Synthesis Report
  6) Advanced HDL Synthesis
     6.1) Advanced HDL Synthesis Report
  7) Low Level Synthesis
  8) Partition Report
  9) Final Report
	9.1) Device utilization summary
	9.2) Partition Resource Summary
	9.3) TIMING REPORT


=========================================================================
*                      Synthesis Options Summary                        *
=========================================================================
---- Source Parameters
Input File Name                    : "SenderControl.prj"
Input Format                       : mixed
Ignore Synthesis Constraint File   : NO

---- Target Parameters
Output File Name                   : "SenderControl"
Output Format                      : NGC
Target Device                      : xc3s100e-5-cp132

---- Source Options
Top Module Name                    : SenderControl
Automatic FSM Extraction           : YES
FSM Encoding Algorithm             : Auto
Safe Implementation                : No
FSM Style                          : LUT
RAM Extraction                     : Yes
RAM Style                          : Auto
ROM Extraction                     : Yes
Mux Style                          : Auto
Decoder Extraction                 : YES
Priority Encoder Extraction        : Yes
Shift Register Extraction          : YES
Logical Shifter Extraction         : YES
XOR Collapsing                     : YES
ROM Style                          : Auto
Mux Extraction                     : Yes
Resource Sharing                   : YES
Asynchronous To Synchronous        : NO
Multiplier Style                   : Auto
Automatic Register Balancing       : No

---- Target Options
Add IO Buffers                     : YES
Global Maximum Fanout              : 500
Add Generic Clock Buffer(BUFG)     : 24
Register Duplication               : YES
Slice Packing                      : YES
Optimize Instantiated Primitives   : NO
Use Clock Enable                   : Yes
Use Synchronous Set                : Yes
Use Synchronous Reset              : Yes
Pack IO Registers into IOBs        : Auto
Equivalent register Removal        : YES

---- General Options
Optimization Goal                  : Speed
Optimization Effort                : 1
Keep Hierarchy                     : No
Netlist Hierarchy                  : As_Optimized
RTL Output                         : Yes
Global Optimization                : AllClockNets
Read Cores                         : YES
Write Timing Constraints           : NO
Cross Clock Analysis               : NO
Hierarchy Separator                : /
Bus Delimiter                      : <>
Case Specifier                     : Maintain
Slice Utilization Ratio            : 100
BRAM Utilization Ratio             : 100
Verilog 2001                       : YES
Auto BRAM Packing                  : NO
Slice Utilization Ratio Delta      : 5

=========================================================================


=========================================================================
*                          HDL Compilation                              *
=========================================================================
Compiling verilog file "SenderControl.v" in library work
Module <SenderControl> compiled
No errors in compilation
Analysis of file <"SenderControl.prj"> succeeded.
 

=========================================================================
*                     Design Hierarchy Analysis                         *
=========================================================================
Analyzing hierarchy for module <SenderControl> in library <work>.


=========================================================================
*                            HDL Analysis                               *
=========================================================================
Analyzing top module <SenderControl>.
Module <SenderControl> is correct for synthesis.
 

=========================================================================
*                           HDL Synthesis                               *
=========================================================================

Performing bidirectional port resolution...

Synthesizing Unit <SenderControl>.
    Related source file is "SenderControl.v".
Unit <SenderControl> synthesized.


=========================================================================
HDL Synthesis Report

Found no macro
=========================================================================

=========================================================================
*                       Advanced HDL Synthesis                          *
=========================================================================


=========================================================================
Advanced HDL Synthesis Report

Found no macro
=========================================================================

=========================================================================
*                         Low Level Synthesis                           *
=========================================================================
WARNING:Xst:2170 - Unit SenderControl : the following signal(s) form a combinatorial loop: A, D, C, Zero_sen_and0001, B, Zero_sen, Fe.
WARNING:Xst:2170 - Unit SenderControl : the following signal(s) form a combinatorial loop: A.
WARNING:Xst:2170 - Unit SenderControl : the following signal(s) form a combinatorial loop: D.
WARNING:Xst:2170 - Unit SenderControl : the following signal(s) form a combinatorial loop: E.
WARNING:Xst:2170 - Unit SenderControl : the following signal(s) form a combinatorial loop: C.
WARNING:Xst:2170 - Unit SenderControl : the following signal(s) form a combinatorial loop: B.

Optimizing unit <SenderControl> ...

Mapping all equations...
Building and optimizing final netlist ...
Found area constraint ratio of 100 (+ 5) on block SenderControl, actual ratio is 2.

Final Macro Processing ...

=========================================================================
Final Register Report

Found no macro
=========================================================================

=========================================================================
*                           Partition Report                            *
=========================================================================

Partition Implementation Status
-------------------------------

  No Partitions were found in this design.

-------------------------------

=========================================================================
*                            Final Report                               *
=========================================================================
Final Results
RTL Top Level Output File Name     : SenderControl.ngr
Top Level Output File Name         : SenderControl
Output Format                      : NGC
Optimization Goal                  : Speed
Keep Hierarchy                     : No

Design Statistics
# IOs                              : 26

Cell Usage :
# BELS                             : 41
#      GND                         : 1
#      LUT2                        : 3
#      LUT3                        : 7
#      LUT4                        : 24
#      MUXF5                       : 6
# IO Buffers                       : 24
#      IBUF                        : 9
#      OBUF                        : 15
=========================================================================

Device utilization summary:
---------------------------

Selected Device : 3s100ecp132-5 

 Number of Slices:                       20  out of    960     2%  
 Number of 4 input LUTs:                 34  out of   1920     1%  
 Number of IOs:                          26
 Number of bonded IOBs:                  24  out of     83    28%  

---------------------------
Partition Resource Summary:
---------------------------

  No Partitions were found in this design.

---------------------------


=========================================================================
TIMING REPORT

NOTE: THESE TIMING NUMBERS ARE ONLY A SYNTHESIS ESTIMATE.
      FOR ACCURATE TIMING INFORMATION PLEASE REFER TO THE TRACE REPORT
      GENERATED AFTER PLACE-and-ROUTE.

Clock Information:
------------------
No clock signals found in this design

Asynchronous Control Signals Information:
----------------------------------------
No asynchronous control signals found in this design

Timing Summary:
---------------
Speed Grade: -5

   Minimum period: No path found
   Minimum input arrival time before clock: No path found
   Maximum output required time after clock: No path found
   Maximum combinational path delay: 22.339ns

Timing Detail:
--------------
All values displayed in nanoseconds (ns)

=========================================================================
Timing constraint: Default path analysis
  Total number of paths / destination ports: 3493 / 13
-------------------------------------------------------------------------
Delay:               22.339ns (Levels of Logic = 19)
  Source:            Ch2 (PAD)
  Destination:       X0 (PAD)

  Data Path: Ch2 to X0
                                Gate     Net
    Cell:in->out      fanout   Delay   Delay  Logical Name (Net Name)
    ----------------------------------------  ------------
     IBUF:I->O             2   1.106   0.410  Ch2_IBUF (Ch2_IBUF)
     LUT4:I2->O            1   0.612   0.000  E21 (E2)
     MUXF5:I1->O           1   0.278   0.426  E2_f5 (N0)
     LUT3:I1->O            1   0.612   0.387  E_SW0 (N24)
     LUT4:I2->O           17   0.612   0.962  E (E_OBUF)
     LUT4:I1->O            1   0.612   0.000  D231 (D231)
     MUXF5:I1->O           1   0.278   0.387  D23_f5 (D23)
     LUT4:I2->O           18   0.612   0.977  D60 (D_OBUF)
     LUT2:I1->O            6   0.612   0.572  C21 (N7)
     LUT4:I3->O            1   0.612   0.387  C43 (C43)
     LUT4:I2->O            1   0.612   0.000  C581 (C58)
     MUXF5:I1->O          18   0.278   1.060  C58_f5 (C_OBUF)
     LUT3:I0->O            6   0.612   0.721  D21 (N5)
     LUT3:I0->O            1   0.612   0.426  B57 (B57)
     LUT4:I1->O           17   0.612   0.962  B76 (B_OBUF)
     LUT4:I1->O           17   0.612   0.962  A (A_OBUF)
     LUT4:I1->O            1   0.612   0.000  X01 (X01)
     MUXF5:I1->O           1   0.278   0.357  X0_f5 (X0_OBUF)
     OBUF:I->O                 3.169          X0_OBUF (X0)
    ----------------------------------------
    Total                     22.339ns (13.343ns logic, 8.996ns route)
                                       (59.7% logic, 40.3% route)

=========================================================================


Total REAL time to Xst completion: 5.00 secs
Total CPU time to Xst completion: 4.59 secs
 
--> 

Total memory usage is 211404 kilobytes

Number of errors   :    0 (   0 filtered)
Number of warnings :    6 (   0 filtered)
Number of infos    :    0 (   0 filtered)

