Command line:
   SimpleOR_isim_beh.exe
     -simmode  gui
     -simrunnum  0
     -socket  58977

Mon Nov 12 19:06:16 2012


 Elaboration Time: 0.0312 sec

 Current Memory Usage: 503.157 Meg

 Total Signals          : 21
 Total Nets             : 19
 Total Signal Drivers   : 7
 Total Blocks           : 3
 Total Primitive Blocks : 2
 Total Processes        : 10
 Total Traceable Variables  : 19
 Total Scalar Nets and Variables : 100
Total Line Count : 18

 Total Simulation Time: 0.0468 sec

 Current Memory Usage: 504.205 Meg

Mon Nov 12 19:07:37 2012

