Running: G:\Xilinx\14.2\ISE_DS\ISE\bin\nt\unwrapped\fuse.exe -intstyle ise -incremental -lib unisims_ver -lib unimacro_ver -lib xilinxcorelib_ver -o C:/Users/Callum/Desktop/FPGA/PhaseOneOr/SimpleOR_Test_isim_beh.exe -prj C:/Users/Callum/Desktop/FPGA/PhaseOneOr/SimpleOR_Test_beh.prj work.SimpleOR_Test work.glbl 
ISim P.28xd (signature 0x1048c146)
Number of CPUs detected in this system: 4
Turning on mult-threading, number of parallel sub-compilation jobs: 8 
Determining compilation order of HDL files
Analyzing Verilog file "C:/Users/Callum/Desktop/FPGA/PhaseOneOr/OR.v" into library work
Analyzing Verilog file "C:/Users/Callum/Desktop/FPGA/PhaseOneOr/SimpleOR.v" into library work
Analyzing Verilog file "C:/Users/Callum/Desktop/FPGA/PhaseOneOr/SimpleOR_Test.v" into library work
Analyzing Verilog file "G:/Xilinx/14.2/ISE_DS/ISE//verilog/src/glbl.v" into library work
Starting static elaboration
Completed static elaboration
Fuse Memory Usage: 117320 KB
Fuse CPU Usage: 249 ms
Compiling module OR
Compiling module SimpleOR
Compiling module SimpleOR_Test
Compiling module glbl
Time Resolution for simulation is 1ps.
Waiting for 2 sub-compilation(s) to finish...
Compiled 4 Verilog Units
Built simulation executable C:/Users/Callum/Desktop/FPGA/PhaseOneOr/SimpleOR_Test_isim_beh.exe
Fuse Memory Usage: 121908 KB
Fuse CPU Usage: 327 ms
